[2m2026-06-08T16:02:22.453413Z[0m [33m WARN[0m [2mralph::loop_runner[0m[2m:[0m Interactive mode requested but stdout is not a TTY, falling back to autonomous
[2m2026-06-08T16:02:22.454157Z[0m [32m INFO[0m [2mralph_core::event_loop[0m[2m:[0m Memory injection check: enabled=true, inject=Auto, workspace_root="/home/nate/coding/goose-rs"
[2m2026-06-08T16:02:22.454168Z[0m [32m INFO[0m [2mralph_core::event_loop[0m[2m:[0m Looking for memories at: "/home/nate/coding/goose-rs/.ralph/agent/memories.md" (exists: false)
[2m2026-06-08T16:02:22.454175Z[0m [32m INFO[0m [2mralph_core::event_loop[0m[2m:[0m Successfully loaded 0 memories from store
[2m2026-06-08T16:02:22.454178Z[0m [32m INFO[0m [2mralph_core::event_loop[0m[2m:[0m Memory store is empty - no memories to inject
[2m2026-06-08T16:04:47.303118Z[0m [32m INFO[0m [2mralph_core::event_loop[0m[2m:[0m Memory injection check: enabled=true, inject=Auto, workspace_root="/home/nate/coding/goose-rs"
[2m2026-06-08T16:04:47.303350Z[0m [32m INFO[0m [2mralph_core::event_loop[0m[2m:[0m Looking for memories at: "/home/nate/coding/goose-rs/.ralph/agent/memories.md" (exists: false)
[2m2026-06-08T16:04:47.303374Z[0m [32m INFO[0m [2mralph_core::event_loop[0m[2m:[0m Successfully loaded 0 memories from store
[2m2026-06-08T16:04:47.303385Z[0m [32m INFO[0m [2mralph_core::event_loop[0m[2m:[0m Memory store is empty - no memories to inject
[2m2026-06-08T16:04:47.303491Z[0m [32m INFO[0m [2mralph_core::event_loop[0m[2m:[0m Injecting scratchpad (980 chars) into prompt
[2m2026-06-08T16:04:47.303644Z[0m [32m INFO[0m [2mralph_core::event_loop[0m[2m:[0m Injecting ready tasks (1 ready, 1 open, 1 closed) into prompt
[2m2026-06-08T16:06:52.621039Z[0m [32m INFO[0m [2mralph_core::event_loop[0m[2m:[0m Memory injection check: enabled=true, inject=Auto, workspace_root="/home/nate/coding/goose-rs"
[2m2026-06-08T16:06:52.621121Z[0m [32m INFO[0m [2mralph_core::event_loop[0m[2m:[0m Looking for memories at: "/home/nate/coding/goose-rs/.ralph/agent/memories.md" (exists: false)
[2m2026-06-08T16:06:52.621131Z[0m [32m INFO[0m [2mralph_core::event_loop[0m[2m:[0m Successfully loaded 0 memories from store
[2m2026-06-08T16:06:52.621135Z[0m [32m INFO[0m [2mralph_core::event_loop[0m[2m:[0m Memory store is empty - no memories to inject
[2m2026-06-08T16:06:52.621202Z[0m [32m INFO[0m [2mralph_core::event_loop[0m[2m:[0m Injecting scratchpad (1600 chars) into prompt
[2m2026-06-08T16:06:52.621276Z[0m [32m INFO[0m [2mralph_core::event_loop[0m[2m:[0m Injecting ready tasks (1 ready, 1 open, 2 closed) into prompt
[2m2026-06-08T16:08:42.080035Z[0m [32m INFO[0m [2mralph_core::event_loop[0m[2m:[0m Memory injection check: enabled=true, inject=Auto, workspace_root="/home/nate/coding/goose-rs"
[2m2026-06-08T16:08:42.080065Z[0m [32m INFO[0m [2mralph_core::event_loop[0m[2m:[0m Looking for memories at: "/home/nate/coding/goose-rs/.ralph/agent/memories.md" (exists: false)
[2m2026-06-08T16:08:42.080074Z[0m [32m INFO[0m [2mralph_core::event_loop[0m[2m:[0m Successfully loaded 0 memories from store
[2m2026-06-08T16:08:42.080078Z[0m [32m INFO[0m [2mralph_core::event_loop[0m[2m:[0m Memory store is empty - no memories to inject
[2m2026-06-08T16:08:42.080119Z[0m [32m INFO[0m [2mralph_core::event_loop[0m[2m:[0m Injecting scratchpad (2152 chars) into prompt
[2m2026-06-08T16:08:42.080193Z[0m [32m INFO[0m [2mralph_core::event_loop[0m[2m:[0m Injecting ready tasks (1 ready, 1 open, 3 closed) into prompt
[2m2026-06-08T16:10:22.646542Z[0m [32m INFO[0m [2mralph_core::event_loop[0m[2m:[0m Memory injection check: enabled=true, inject=Auto, workspace_root="/home/nate/coding/goose-rs"
[2m2026-06-08T16:10:22.646569Z[0m [32m INFO[0m [2mralph_core::event_loop[0m[2m:[0m Looking for memories at: "/home/nate/coding/goose-rs/.ralph/agent/memories.md" (exists: false)
[2m2026-06-08T16:10:22.646577Z[0m [32m INFO[0m [2mralph_core::event_loop[0m[2m:[0m Successfully loaded 0 memories from store
[2m2026-06-08T16:10:22.646592Z[0m [32m INFO[0m [2mralph_core::event_loop[0m[2m:[0m Memory store is empty - no memories to inject
[2m2026-06-08T16:10:22.646632Z[0m [32m INFO[0m [2mralph_core::event_loop[0m[2m:[0m Injecting scratchpad (2901 chars) into prompt
[2m2026-06-08T16:10:22.646706Z[0m [32m INFO[0m [2mralph_core::event_loop[0m[2m:[0m Injecting ready tasks (1 ready, 1 open, 4 closed) into prompt
[2m2026-06-08T16:11:30.425076Z[0m [32m INFO[0m [2mralph_core::event_loop[0m[2m:[0m Memory injection check: enabled=true, inject=Auto, workspace_root="/home/nate/coding/goose-rs"
[2m2026-06-08T16:11:30.425109Z[0m [32m INFO[0m [2mralph_core::event_loop[0m[2m:[0m Looking for memories at: "/home/nate/coding/goose-rs/.ralph/agent/memories.md" (exists: false)
[2m2026-06-08T16:11:30.425118Z[0m [32m INFO[0m [2mralph_core::event_loop[0m[2m:[0m Successfully loaded 0 memories from store
[2m2026-06-08T16:11:30.425122Z[0m [32m INFO[0m [2mralph_core::event_loop[0m[2m:[0m Memory store is empty - no memories to inject
[2m2026-06-08T16:11:30.425196Z[0m [32m INFO[0m [2mralph_core::event_loop[0m[2m:[0m Injecting scratchpad (3443 chars) into prompt
[2m2026-06-08T16:11:30.425280Z[0m [32m INFO[0m [2mralph_core::event_loop[0m[2m:[0m Injecting ready tasks (1 ready, 1 open, 5 closed) into prompt
[2m2026-06-08T16:12:26.359450Z[0m [32m INFO[0m [2mralph_core::event_loop[0m[2m:[0m Memory injection check: enabled=true, inject=Auto, workspace_root="/home/nate/coding/goose-rs"
[2m2026-06-08T16:12:26.359479Z[0m [32m INFO[0m [2mralph_core::event_loop[0m[2m:[0m Looking for memories at: "/home/nate/coding/goose-rs/.ralph/agent/memories.md" (exists: false)
[2m2026-06-08T16:12:26.359487Z[0m [32m INFO[0m [2mralph_core::event_loop[0m[2m:[0m Successfully loaded 0 memories from store
[2m2026-06-08T16:12:26.359491Z[0m [32m INFO[0m [2mralph_core::event_loop[0m[2m:[0m Memory store is empty - no memories to inject
[2m2026-06-08T16:12:26.359524Z[0m [32m INFO[0m [2mralph_core::event_loop[0m[2m:[0m Injecting scratchpad (3972 chars) into prompt
[2m2026-06-08T16:12:26.359604Z[0m [32m INFO[0m [2mralph_core::event_loop[0m[2m:[0m Injecting ready tasks (1 ready, 1 open, 6 closed) into prompt
[2m2026-06-08T16:13:59.700926Z[0m [32m INFO[0m [2mralph_core::event_loop[0m[2m:[0m Memory injection check: enabled=true, inject=Auto, workspace_root="/home/nate/coding/goose-rs"
[2m2026-06-08T16:13:59.700962Z[0m [32m INFO[0m [2mralph_core::event_loop[0m[2m:[0m Looking for memories at: "/home/nate/coding/goose-rs/.ralph/agent/memories.md" (exists: false)
[2m2026-06-08T16:13:59.700970Z[0m [32m INFO[0m [2mralph_core::event_loop[0m[2m:[0m Successfully loaded 0 memories from store
[2m2026-06-08T16:13:59.700975Z[0m [32m INFO[0m [2mralph_core::event_loop[0m[2m:[0m Memory store is empty - no memories to inject
[2m2026-06-08T16:13:59.701021Z[0m [32m INFO[0m [2mralph_core::event_loop[0m[2m:[0m Injecting scratchpad (4603 chars) into prompt
[2m2026-06-08T16:13:59.701108Z[0m [32m INFO[0m [2mralph_core::event_loop[0m[2m:[0m Injecting ready tasks (1 ready, 1 open, 7 closed) into prompt
[2m2026-06-08T16:15:02.177923Z[0m [32m INFO[0m [2mralph_core::event_loop[0m[2m:[0m Memory injection check: enabled=true, inject=Auto, workspace_root="/home/nate/coding/goose-rs"
[2m2026-06-08T16:15:02.177950Z[0m [32m INFO[0m [2mralph_core::event_loop[0m[2m:[0m Looking for memories at: "/home/nate/coding/goose-rs/.ralph/agent/memories.md" (exists: false)
[2m2026-06-08T16:15:02.177958Z[0m [32m INFO[0m [2mralph_core::event_loop[0m[2m:[0m Successfully loaded 0 memories from store
[2m2026-06-08T16:15:02.177963Z[0m [32m INFO[0m [2mralph_core::event_loop[0m[2m:[0m Memory store is empty - no memories to inject
[2m2026-06-08T16:15:02.178004Z[0m [32m INFO[0m [2mralph_core::event_loop[0m[2m:[0m Injecting scratchpad (5205 chars) into prompt
[2m2026-06-08T16:15:02.178085Z[0m [32m INFO[0m [2mralph_core::event_loop[0m[2m:[0m Injecting ready tasks (1 ready, 1 open, 8 closed) into prompt
[2m2026-06-08T16:16:30.205718Z[0m [32m INFO[0m [2mralph_core::event_loop[0m[2m:[0m Memory injection check: enabled=true, inject=Auto, workspace_root="/home/nate/coding/goose-rs"
[2m2026-06-08T16:16:30.205748Z[0m [32m INFO[0m [2mralph_core::event_loop[0m[2m:[0m Looking for memories at: "/home/nate/coding/goose-rs/.ralph/agent/memories.md" (exists: false)
[2m2026-06-08T16:16:30.205757Z[0m [32m INFO[0m [2mralph_core::event_loop[0m[2m:[0m Successfully loaded 0 memories from store
[2m2026-06-08T16:16:30.205761Z[0m [32m INFO[0m [2mralph_core::event_loop[0m[2m:[0m Memory store is empty - no memories to inject
[2m2026-06-08T16:16:30.205805Z[0m [32m INFO[0m [2mralph_core::event_loop[0m[2m:[0m Injecting scratchpad (5839 chars) into prompt
[2m2026-06-08T16:16:30.205886Z[0m [32m INFO[0m [2mralph_core::event_loop[0m[2m:[0m Injecting ready tasks (1 ready, 1 open, 9 closed) into prompt
[2m2026-06-08T16:18:12.797511Z[0m [32m INFO[0m [2mralph_core::event_loop[0m[2m:[0m Memory injection check: enabled=true, inject=Auto, workspace_root="/home/nate/coding/goose-rs"
[2m2026-06-08T16:18:12.797601Z[0m [32m INFO[0m [2mralph_core::event_loop[0m[2m:[0m Looking for memories at: "/home/nate/coding/goose-rs/.ralph/agent/memories.md" (exists: false)
[2m2026-06-08T16:18:12.797612Z[0m [32m INFO[0m [2mralph_core::event_loop[0m[2m:[0m Successfully loaded 0 memories from store
[2m2026-06-08T16:18:12.797617Z[0m [32m INFO[0m [2mralph_core::event_loop[0m[2m:[0m Memory store is empty - no memories to inject
[2m2026-06-08T16:18:12.797674Z[0m [32m INFO[0m [2mralph_core::event_loop[0m[2m:[0m Injecting scratchpad (6420 chars) into prompt
[2m2026-06-08T16:18:12.797772Z[0m [32m INFO[0m [2mralph_core::event_loop[0m[2m:[0m Injecting ready tasks (1 ready, 1 open, 10 closed) into prompt
[2m2026-06-08T16:18:57.164661Z[0m [32m INFO[0m [2mralph_core::event_loop[0m[2m:[0m Memory injection check: enabled=true, inject=Auto, workspace_root="/home/nate/coding/goose-rs"
[2m2026-06-08T16:18:57.164694Z[0m [32m INFO[0m [2mralph_core::event_loop[0m[2m:[0m Looking for memories at: "/home/nate/coding/goose-rs/.ralph/agent/memories.md" (exists: false)
[2m2026-06-08T16:18:57.164703Z[0m [32m INFO[0m [2mralph_core::event_loop[0m[2m:[0m Successfully loaded 0 memories from store
[2m2026-06-08T16:18:57.164707Z[0m [32m INFO[0m [2mralph_core::event_loop[0m[2m:[0m Memory store is empty - no memories to inject
[2m2026-06-08T16:18:57.164783Z[0m [32m INFO[0m [2mralph_core::event_loop[0m[2m:[0m Injecting scratchpad (6747 chars) into prompt
[2m2026-06-08T16:18:57.164871Z[0m [32m INFO[0m [2mralph_core::event_loop[0m[2m:[0m Injecting ready tasks (1 ready, 1 open, 11 closed) into prompt
[2m2026-06-08T16:19:48.832033Z[0m [32m INFO[0m [2mralph_core::event_loop[0m[2m:[0m Completion requested via text fallback (output contained completion promise)
[2m2026-06-08T16:19:48.832180Z[0m [32m INFO[0m [2mralph_core::event_loop[0m[2m:[0m Completion event detected - terminating
[2m2026-06-08T16:19:48.832213Z[0m [32m INFO[0m [2mralph::loop_runner[0m[2m:[0m Completion promise LOOP_COMPLETE detected in output text.
[2m2026-06-08T16:19:48.832355Z[0m [32m INFO[0m [2mralph_core::event_loop[0m[2m:[0m Wrapping up: completed. 12 iterations in 17m 26s. [3mreason[0m[2m=[0mcompleted [3miterations[0m[2m=[0m12 [3mduration[0m[2m=[0m17m 26s
[2m2026-06-08T16:19:48.835400Z[0m [32m INFO[0m [2mralph_core::landing[0m[2m:[0m Beginning landing sequence [3mloop_id[0m[2m=[0mprimary
